2026-02-11 10:12:03,421 INFO   UserLoginService - User 'john_doe' successfully logged in from IP 192.168.1.14
2026-02-11 10:12:05,678 DEBUG  DatabaseConnection - Connecting to database: mydb_host:3306
2026-02-11 10:12:07,219 ERROR  PaymentService - Payment processing failed for user 'john_doe' due to insufficient funds
2026-02-11 10:12:09,543 INFO   FileUploadService - File 'report_2026.pdf' uploaded successfully by user 'john_doe'
2026-02-11 10:12:12,111 WARN   CacheService - Cache miss for key 'session:john_doe:12345', fetching from database
2026-02-11 10:12:15,324 INFO   NotificationService - Email sent to user 'john_doe' for successful file upload
2026-02-11 10:12:18,910 DEBUG  DatabaseConnection - Query executed: SELECT * FROM users WHERE username='john_doe'
2026-02-11 10:12:22,481 INFO   UserProfileService - Profile data for 'john_doe' retrieved successfully
2026-02-11 10:12:25,642 ERROR  PaymentService - Payment processing failed for user 'jane_smith', card expired
2026-02-11 10:12:28,157 INFO   UserLoginService - User 'jane_smith' logged in from IP 192.168.1.15
2026-02-11 10:12:32,015 DEBUG  CacheService - Cache updated for key 'session:jane_smith:67890'
2026-02-11 10:12:35,247 INFO   UserActivityService - User 'john_doe' viewed item 'Product123'
2026-02-11 10:12:39,410 WARN   APIRequestService - API rate limit exceeded for IP 192.168.1.14
2026-02-11 10:12:42,558 INFO   SessionService - Session for user 'jane_smith' expired
2026-02-11 10:12:45,660 DEBUG  DatabaseConnection - Query executed: SELECT * FROM orders WHERE user_id=5678
2026-02-11 10:12:48,313 ERROR  PaymentService - Payment timeout for user 'john_doe', retrying...
2026-02-11 10:12:51,824 INFO   SessionService - New session created for user 'john_doe'
2026-02-11 10:12:54,222 DEBUG  FileUploadService - Initiating file cleanup for user 'john_doe'
2026-02-11 10:12:58,111 INFO   NotificationService - User 'john_doe' has been notified of account activity via SMS
2026-02-11 10:13:01,498 ERROR  AuthService - Failed to authenticate user 'jane_smith' due to incorrect password
2026-02-11 10:13:04,015 DEBUG  UserActivityService - Logged user 'john_doe' interaction: 'Added to cart'
2026-02-11 10:13:07,284 INFO   PaymentService - Payment successfully processed for user 'jane_smith'
